2017-08-08 05:50:39 INFO  SpiderMain:34 - Application started
2017-08-08 05:50:39 INFO  SpiderMain:34 - Application started
2017-08-08 05:50:54 INFO  SpiderMain:34 - Application started
2017-08-08 05:50:54 ERROR AuditEngine:49 - Exception initializing audit spider for null
java.net.MalformedURLException
	at java.net.URL.<init>(Unknown Source)
	at java.net.URL.<init>(Unknown Source)
	at java.net.URL.<init>(Unknown Source)
	at com.mcd.spider.main.entities.audit.AuditSpider.<init>(AuditSpider.java:23)
	at com.mcd.spider.main.engine.audit.AuditEngine.performSEOAudit(AuditEngine.java:44)
	at com.mcd.spider.main.engine.SpiderEngine.performSEOAudit(SpiderEngine.java:52)
	at com.mcd.spider.main.SpiderMain.getSEOAudit(SpiderMain.java:147)
	at com.mcd.spider.main.SpiderMain.main(SpiderMain.java:77)
Caused by: java.lang.NullPointerException
	... 8 more
2017-08-08 05:51:05 INFO  SpiderMain:34 - Application started
2017-08-08 05:51:08 DEBUG AuditEngine:126 - Trying to get hrefs from http://hickmanroadveterinaryclinic.com
2017-08-08 05:51:08 DEBUG AuditEngine:264 - Checking for sitemap.xml at root
2017-08-08 05:51:08 INFO  SpiderMain:34 - Application started
2017-08-08 05:52:15 INFO  SpiderMain:34 - Application started
2017-08-08 05:52:38 INFO  SpiderMain:34 - Application started
2017-08-08 05:52:46 ERROR AuditEngine:49 - Exception initializing audit spider for null
java.net.MalformedURLException
	at java.net.URL.<init>(URL.java:627)
	at java.net.URL.<init>(URL.java:490)
	at java.net.URL.<init>(URL.java:439)
	at com.mcd.spider.main.entities.audit.AuditSpider.<init>(AuditSpider.java:23)
	at com.mcd.spider.main.engine.audit.AuditEngine.performSEOAudit(AuditEngine.java:44)
	at com.mcd.spider.main.engine.SpiderEngine.performSEOAudit(SpiderEngine.java:52)
	at com.mcd.spider.main.SpiderMain.getSEOAudit(SpiderMain.java:147)
	at com.mcd.spider.main.SpiderMain.main(SpiderMain.java:77)
	at com.mcd.spider.main.SpiderMain.main(SpiderMain.java:88)
Caused by: java.lang.NullPointerException
	at java.net.URL.<init>(URL.java:532)
	... 8 more
2017-08-08 05:52:58 INFO  SpiderMain:34 - Application started
2017-08-08 05:53:00 INFO  SpiderMain:34 - Application started
2017-08-08 05:53:02 ERROR AuditEngine:49 - Exception initializing audit spider for null
java.net.MalformedURLException
	at java.net.URL.<init>(URL.java:627)
	at java.net.URL.<init>(URL.java:490)
	at java.net.URL.<init>(URL.java:439)
	at com.mcd.spider.main.entities.audit.AuditSpider.<init>(AuditSpider.java:23)
	at com.mcd.spider.main.engine.audit.AuditEngine.performSEOAudit(AuditEngine.java:44)
	at com.mcd.spider.main.engine.SpiderEngine.performSEOAudit(SpiderEngine.java:52)
	at com.mcd.spider.main.SpiderMain.getSEOAudit(SpiderMain.java:147)
	at com.mcd.spider.main.SpiderMain.main(SpiderMain.java:77)
	at com.mcd.spider.main.SpiderMain.main(SpiderMain.java:88)
Caused by: java.lang.NullPointerException
	at java.net.URL.<init>(URL.java:532)
	... 8 more
2017-08-08 05:53:46 INFO  SpiderMain:34 - Application started
2017-08-08 05:54:05 ERROR AuditEngine:49 - Exception initializing audit spider for null
java.net.MalformedURLException
	at java.net.URL.<init>(URL.java:627)
	at java.net.URL.<init>(URL.java:490)
	at java.net.URL.<init>(URL.java:439)
	at com.mcd.spider.main.entities.audit.AuditSpider.<init>(AuditSpider.java:23)
	at com.mcd.spider.main.engine.audit.AuditEngine.performSEOAudit(AuditEngine.java:44)
	at com.mcd.spider.main.engine.SpiderEngine.performSEOAudit(SpiderEngine.java:52)
	at com.mcd.spider.main.SpiderMain.getSEOAudit(SpiderMain.java:147)
	at com.mcd.spider.main.SpiderMain.main(SpiderMain.java:77)
Caused by: java.lang.NullPointerException
	at java.net.URL.<init>(URL.java:532)
	... 7 more
2017-08-08 05:57:09 INFO  SpiderMain:34 - Application started
2017-08-08 05:57:36 DEBUG AuditEngine:126 - Trying to get hrefs from http://hickmanroadveterniaryclinic.com
2017-08-08 05:57:36 ERROR SpiderUtil:157 - You might be blocked. This doc retrieved was empty.
2017-08-08 05:58:52 INFO  SpiderMain:34 - Application started
2017-08-08 06:00:03 DEBUG AuditEngine:126 - Trying to get hrefs from http://hickmanroadveterinaryclinic.com
2017-08-08 06:00:07 DEBUG AuditEngine:264 - Checking for sitemap.xml at root
2017-08-08 06:00:47 INFO  SpiderMain:34 - Application started
2017-08-08 06:01:02 DEBUG AuditEngine:126 - Trying to get hrefs from http://hickmanroadveterinaryclinic.com
2017-08-08 06:01:14 DEBUG AuditEngine:264 - Checking for sitemap.xml at root
2017-08-08 06:01:16 INFO  SpiderMain:34 - Application started
2017-08-08 19:42:04 INFO  SpiderMain:34 - Application started
2017-08-08 19:42:15 ERROR OutputUtil:138 - output\Iowa_8-8-2017_ArrestRecord_ArrestsOrg.xls (The system cannot find the file specified)
2017-08-08 19:42:15 INFO  ArrestsDotOrgEngine:62 - ----Site: ArrestsOrg-Iowa----
2017-08-08 19:42:15 DEBUG ArrestsDotOrgEngine:63 - Sending spider online
2017-08-08 19:43:21 DEBUG ArrestsDotOrgEngine:116 - Generating list of results pages for : ArrestsOrg - Iowa
2017-08-08 19:45:36 DEBUG ArrestsDotOrgEngine:160 - Sleeping for 20984 after fetching http://iowa.arrests.org/?page=1&results=56
2017-08-08 19:46:45 DEBUG ArrestsDotOrgEngine:160 - Sleeping for 25196 after fetching http://iowa.arrests.org/Polk/
2017-08-08 19:47:24 DEBUG ArrestsDotOrgEngine:160 - Sleeping for 28449 after fetching http://iowa.arrests.org/Woodbury/
2017-08-08 19:47:51 DEBUG ArrestsDotOrgEngine:160 - Sleeping for 24755 after fetching http://iowa.arrests.org/?page=2&results=56
2017-08-08 19:48:26 DEBUG ArrestsDotOrgEngine:172 - Gather complete list of records to scrape from http://iowa.arrests.org/?page=1&results=56
2017-08-08 19:48:42 DEBUG ArrestsDotOrgEngine:172 - Gather complete list of records to scrape from http://iowa.arrests.org/?page=2&results=56
2017-08-08 19:48:45 INFO  ArrestsDotOrgEngine:177 - Nothing was retrieved for http://iowa.arrests.org/index.php?county=218
2017-08-08 19:48:48 INFO  ArrestsDotOrgEngine:177 - Nothing was retrieved for http://iowa.arrests.org/index.php?county=212
2017-08-08 19:49:05 INFO  ArrestsDotOrgEngine:182 - Gathered links for 151 record profiles and misc
2017-08-08 19:49:15 DEBUG SpiderUtil:171 - Sleeping for 1 seconds
2017-08-08 19:50:30 INFO  ArrestsDotOrgEngine:270 - 	Full Name: Susil Sherma Luitel
2017-08-08 19:50:30 INFO  ArrestsDotOrgEngine:270 - 	Date:08/07/2017
2017-08-08 19:50:30 INFO  ArrestsDotOrgEngine:270 - 	Time: 7:55 PM
2017-08-08 19:50:30 INFO  ArrestsDotOrgEngine:270 - 	Total Bond: $300
2017-08-08 19:50:30 INFO  ArrestsDotOrgEngine:270 - 	Arrest Age:26
2017-08-08 19:50:30 INFO  ArrestsDotOrgEngine:270 - 	Gender: Male
2017-08-08 19:50:30 INFO  ArrestsDotOrgEngine:270 - 	Height: 5'05"
2017-08-08 19:50:30 INFO  ArrestsDotOrgEngine:270 - 	Weight: 145 lbs
2017-08-08 19:50:30 INFO  ArrestsDotOrgEngine:270 - 	Hair Color: Black
2017-08-08 19:50:30 INFO  ArrestsDotOrgEngine:270 - 	Eye Color: Brown
2017-08-08 19:50:30 INFO  ArrestsDotOrgEngine:270 - 	#1 CONSUMPTION / INTOXICATION BOND: $300
2017-08-08 19:50:59 DEBUG SpiderUtil:171 - Sleeping for 26 seconds
2017-08-08 19:52:48 INFO  ArrestsDotOrgEngine:270 - 	Full Name: Donaldvon Hassan dequan Miner
2017-08-08 19:52:48 INFO  ArrestsDotOrgEngine:270 - 	Date:08/08/2017
2017-08-08 19:52:48 INFO  ArrestsDotOrgEngine:270 - 	Time: 11:17 AM
2017-08-08 19:52:48 INFO  ArrestsDotOrgEngine:270 - 	Arrest Age:22
2017-08-08 19:52:48 INFO  ArrestsDotOrgEngine:270 - 	Gender: Male
2017-08-08 19:52:48 INFO  ArrestsDotOrgEngine:270 - 	City: Des Moines, Iowa
2017-08-08 19:52:48 INFO  ArrestsDotOrgEngine:270 - 	Height: 5'57"
2017-08-08 19:52:48 INFO  ArrestsDotOrgEngine:270 - 	Weight: 128 lbs
2017-08-08 19:52:48 INFO  ArrestsDotOrgEngine:270 - 	Hair Color: Black
2017-08-08 19:52:48 INFO  ArrestsDotOrgEngine:270 - 	Eye Color: Brown
2017-08-08 19:52:48 INFO  ArrestsDotOrgEngine:270 - 	#1 VIOLATION OF PROBATION - 1985 STATUTE: SR301189 #2 CHILD ENDANGERMENT - BODILY INJURY Child Endangerment -- Phy STATUTE: FE307733 #3 DOMESTIC ABUSE ASSAULT - 2ND OFFENSE STATUTE: FE307733
2017-08-08 19:52:50 DEBUG SpiderUtil:171 - Sleeping for 20 seconds
2017-08-08 19:53:19 INFO  ArrestsDotOrgEngine:270 - 	Full Name: Abdirizak Mursao Arab
2017-08-08 19:53:19 INFO  ArrestsDotOrgEngine:270 - 	Date:08/08/2017
2017-08-08 19:53:19 INFO  ArrestsDotOrgEngine:270 - 	Time: 2:04 PM
2017-08-08 19:53:19 INFO  ArrestsDotOrgEngine:270 - 	Total Bond: $300
2017-08-08 19:53:19 INFO  ArrestsDotOrgEngine:270 - 	Arrest Age:32
2017-08-08 19:53:19 INFO  ArrestsDotOrgEngine:270 - 	Gender: Male
2017-08-08 19:53:19 INFO  ArrestsDotOrgEngine:270 - 	Height: 5'07"
2017-08-08 19:53:19 INFO  ArrestsDotOrgEngine:270 - 	Weight: 160 lbs
2017-08-08 19:53:19 INFO  ArrestsDotOrgEngine:270 - 	Hair Color: BLACK
2017-08-08 19:53:19 INFO  ArrestsDotOrgEngine:270 - 	Eye Color: BROWN
2017-08-08 19:53:19 INFO  ArrestsDotOrgEngine:270 - 	Place of Birth: SOMALIA
2017-08-08 19:53:19 INFO  ArrestsDotOrgEngine:270 - 	#1 ASSAULT-SIMPLE BOND: $300
2017-08-08 19:53:19 DEBUG SpiderUtil:171 - Sleeping for 27 seconds
2017-08-08 19:54:16 INFO  ArrestsDotOrgEngine:270 - 	Full Name: Lukelelo Pierre Msebengi
2017-08-08 19:54:16 INFO  ArrestsDotOrgEngine:270 - 	Date:08/07/2017
2017-08-08 19:54:16 INFO  ArrestsDotOrgEngine:270 - 	Time: 11:47 PM
2017-08-08 19:54:16 INFO  ArrestsDotOrgEngine:270 - 	Gender: Male
2017-08-08 19:54:16 INFO  ArrestsDotOrgEngine:270 - 	#1 DOMESTIC ABUSE ASSAULT IMPEDING FLOW OF AIR/BLOOD
2017-08-08 19:54:19 DEBUG SpiderUtil:171 - Sleeping for 27 seconds
2017-08-08 19:55:02 ERROR ArrestsDotOrgEngine:234 - Failed to get a connection to http://iowa.arrests.org/Woodbury/
org.jsoup.HttpStatusException: HTTP error fetching URL. Status=500, URL=http://iowa.arrests.org/index.php?county=218
	at org.jsoup.helper.HttpConnection$Response.execute(HttpConnection.java:682)
	at org.jsoup.helper.HttpConnection$Response.execute(HttpConnection.java:679)
	at org.jsoup.helper.HttpConnection$Response.execute(HttpConnection.java:629)
	at org.jsoup.helper.HttpConnection.execute(HttpConnection.java:261)
	at com.mcd.spider.main.util.SpiderUtil.retrieveConnectionResponse(SpiderUtil.java:148)
	at com.mcd.spider.main.engine.record.various.ArrestsDotOrgEngine.scrapeRecords(ArrestsDotOrgEngine.java:228)
	at com.mcd.spider.main.engine.record.various.ArrestsDotOrgEngine.scrapeSite(ArrestsDotOrgEngine.java:186)
	at com.mcd.spider.main.engine.record.various.ArrestsDotOrgEngine.getArrestRecords(ArrestsDotOrgEngine.java:69)
	at com.mcd.spider.main.engine.router.StateRouter.collectRecords(StateRouter.java:31)
	at com.mcd.spider.main.engine.SpiderEngine.getArrestRecordsByStateCrack(SpiderEngine.java:45)
	at com.mcd.spider.main.SpiderMain.crackArrestSite(SpiderMain.java:140)
	at com.mcd.spider.main.SpiderMain.main(SpiderMain.java:81)
2017-08-08 19:55:27 ERROR ArrestsDotOrgEngine:234 - Failed to get a connection to http://iowa.arrests.org/Arrests/Kristina_Blake_33905313/?d=1
org.jsoup.HttpStatusException: HTTP error fetching URL. Status=500, URL=http://iowa.arrests.org/Arrests/Kristina_Blake_33905313/?d=1
	at org.jsoup.helper.HttpConnection$Response.execute(HttpConnection.java:682)
	at org.jsoup.helper.HttpConnection$Response.execute(HttpConnection.java:629)
	at org.jsoup.helper.HttpConnection.execute(HttpConnection.java:261)
	at com.mcd.spider.main.util.SpiderUtil.retrieveConnectionResponse(SpiderUtil.java:148)
	at com.mcd.spider.main.engine.record.various.ArrestsDotOrgEngine.scrapeRecords(ArrestsDotOrgEngine.java:228)
	at com.mcd.spider.main.engine.record.various.ArrestsDotOrgEngine.scrapeSite(ArrestsDotOrgEngine.java:186)
	at com.mcd.spider.main.engine.record.various.ArrestsDotOrgEngine.getArrestRecords(ArrestsDotOrgEngine.java:69)
	at com.mcd.spider.main.engine.router.StateRouter.collectRecords(StateRouter.java:31)
	at com.mcd.spider.main.engine.SpiderEngine.getArrestRecordsByStateCrack(SpiderEngine.java:45)
	at com.mcd.spider.main.SpiderMain.crackArrestSite(SpiderMain.java:140)
	at com.mcd.spider.main.SpiderMain.main(SpiderMain.java:81)
2017-08-08 19:55:43 ERROR ArrestsDotOrgEngine:234 - Failed to get a connection to http://iowa.arrests.org/Arrests/Jason_King_33912594/?d=1
org.jsoup.HttpStatusException: HTTP error fetching URL. Status=500, URL=http://iowa.arrests.org/Arrests/Jason_King_33912594/?d=1
	at org.jsoup.helper.HttpConnection$Response.execute(HttpConnection.java:682)
	at org.jsoup.helper.HttpConnection$Response.execute(HttpConnection.java:629)
	at org.jsoup.helper.HttpConnection.execute(HttpConnection.java:261)
	at com.mcd.spider.main.util.SpiderUtil.retrieveConnectionResponse(SpiderUtil.java:148)
	at com.mcd.spider.main.engine.record.various.ArrestsDotOrgEngine.scrapeRecords(ArrestsDotOrgEngine.java:228)
	at com.mcd.spider.main.engine.record.various.ArrestsDotOrgEngine.scrapeSite(ArrestsDotOrgEngine.java:186)
	at com.mcd.spider.main.engine.record.various.ArrestsDotOrgEngine.getArrestRecords(ArrestsDotOrgEngine.java:69)
	at com.mcd.spider.main.engine.router.StateRouter.collectRecords(StateRouter.java:31)
	at com.mcd.spider.main.engine.SpiderEngine.getArrestRecordsByStateCrack(SpiderEngine.java:45)
	at com.mcd.spider.main.SpiderMain.crackArrestSite(SpiderMain.java:140)
	at com.mcd.spider.main.SpiderMain.main(SpiderMain.java:81)
2017-08-08 19:59:01 ERROR ArrestsDotOrgEngine:234 - Failed to get a connection to http://iowa.arrests.org/Arrests/Kingsley_Onunbu_33905708/?d=1
org.jsoup.HttpStatusException: HTTP error fetching URL. Status=500, URL=http://iowa.arrests.org/Arrests/Kingsley_Onunbu_33905708/?d=1
	at org.jsoup.helper.HttpConnection$Response.execute(HttpConnection.java:682)
	at org.jsoup.helper.HttpConnection$Response.execute(HttpConnection.java:629)
	at org.jsoup.helper.HttpConnection.execute(HttpConnection.java:261)
	at com.mcd.spider.main.util.SpiderUtil.retrieveConnectionResponse(SpiderUtil.java:148)
	at com.mcd.spider.main.engine.record.various.ArrestsDotOrgEngine.scrapeRecords(ArrestsDotOrgEngine.java:228)
	at com.mcd.spider.main.engine.record.various.ArrestsDotOrgEngine.scrapeSite(ArrestsDotOrgEngine.java:186)
	at com.mcd.spider.main.engine.record.various.ArrestsDotOrgEngine.getArrestRecords(ArrestsDotOrgEngine.java:69)
	at com.mcd.spider.main.engine.router.StateRouter.collectRecords(StateRouter.java:31)
	at com.mcd.spider.main.engine.SpiderEngine.getArrestRecordsByStateCrack(SpiderEngine.java:45)
	at com.mcd.spider.main.SpiderMain.crackArrestSite(SpiderMain.java:140)
	at com.mcd.spider.main.SpiderMain.main(SpiderMain.java:81)
2017-08-08 19:59:35 INFO  ArrestsDotOrgEngine:270 - 	Full Name: Brett Michael Sauser
2017-08-08 19:59:35 INFO  ArrestsDotOrgEngine:270 - 	Date:08/08/2017
2017-08-08 19:59:35 INFO  ArrestsDotOrgEngine:270 - 	Total Bond: $30000
2017-08-08 19:59:35 INFO  ArrestsDotOrgEngine:270 - 	Arrest Age:32
2017-08-08 19:59:35 INFO  ArrestsDotOrgEngine:270 - 	Gender: Male
2017-08-08 19:59:35 INFO  ArrestsDotOrgEngine:270 - 	Height: 5'11"
2017-08-08 19:59:35 INFO  ArrestsDotOrgEngine:270 - 	Weight: 190 lbs
2017-08-08 19:59:35 INFO  ArrestsDotOrgEngine:270 - 	Hair Color: BLOND OR STRAWBERRY
2017-08-08 19:59:35 INFO  ArrestsDotOrgEngine:270 - 	Eye Color: BLUE
2017-08-08 19:59:35 INFO  ArrestsDotOrgEngine:270 - 	Place of Birth: SIOUX CITY IA
2017-08-08 19:59:35 INFO  ArrestsDotOrgEngine:270 - 	#1 OTHER( C COMMENTS ) BOND: $30000 #2 OTHER( C COMMENTS ) #3 OTHER( C COMMENTS ) #4 OTHER( C COMMENTS ) #5 OTHER( C COMMENTS ) #6 POSSESSION DRUGS
2017-08-08 19:59:37 DEBUG SpiderUtil:171 - Sleeping for 22 seconds
2017-08-08 20:00:10 INFO  ArrestsDotOrgEngine:270 - 	Full Name: Suilman Ismail Hduale
2017-08-08 20:00:10 INFO  ArrestsDotOrgEngine:270 - 	Date:08/08/2017
2017-08-08 20:00:10 INFO  ArrestsDotOrgEngine:270 - 	Time: 4:36 AM
2017-08-08 20:00:10 INFO  ArrestsDotOrgEngine:270 - 	Gender: Male
2017-08-08 20:00:10 INFO  ArrestsDotOrgEngine:270 - 	#1 ASSAULT ON PEACE OFFICERS & OTHERS (SRMS) #2 PUBLIC INTOXICATION - 3RD OR SUBSEQ OFFENSE
2017-08-08 20:00:12 DEBUG SpiderUtil:171 - Sleeping for 25 seconds
2017-08-08 20:00:44 INFO  ArrestsDotOrgEngine:270 - 	Full Name: Lucas Daniel Sample
2017-08-08 20:00:44 INFO  ArrestsDotOrgEngine:270 - 	Date:08/08/2017
2017-08-08 20:00:44 INFO  ArrestsDotOrgEngine:270 - 	Total Bond: $1000
2017-08-08 20:00:44 INFO  ArrestsDotOrgEngine:270 - 	Arrest Age:18
2017-08-08 20:00:44 INFO  ArrestsDotOrgEngine:270 - 	Gender: Male
2017-08-08 20:00:44 INFO  ArrestsDotOrgEngine:270 - 	City: Altoona, Iowa
2017-08-08 20:00:44 INFO  ArrestsDotOrgEngine:270 - 	Height: 5'10"
2017-08-08 20:00:44 INFO  ArrestsDotOrgEngine:270 - 	Weight: 188 lbs
2017-08-08 20:00:44 INFO  ArrestsDotOrgEngine:270 - 	Hair Color: Blonde
2017-08-08 20:00:44 INFO  ArrestsDotOrgEngine:270 - 	Eye Color: Blue
2017-08-08 20:00:44 INFO  ArrestsDotOrgEngine:270 - 	#1 NARCS - POSSESSION SCH I - MARIJUANA BOND: $1000
2017-08-08 20:00:46 DEBUG SpiderUtil:171 - Sleeping for 26 seconds
2017-08-08 20:01:20 INFO  ArrestsDotOrgEngine:270 - 	Full Name: Evin Lawrence Scadden
2017-08-08 20:01:20 INFO  ArrestsDotOrgEngine:270 - 	Date:08/07/2017
2017-08-08 20:01:20 INFO  ArrestsDotOrgEngine:270 - 	Time: 6:21 PM
2017-08-08 20:01:20 INFO  ArrestsDotOrgEngine:270 - 	Arrest Age:23
2017-08-08 20:01:20 INFO  ArrestsDotOrgEngine:270 - 	Gender: Male
2017-08-08 20:01:20 INFO  ArrestsDotOrgEngine:270 - 	Height: 6'03"
2017-08-08 20:01:20 INFO  ArrestsDotOrgEngine:270 - 	Weight: 220 lbs
2017-08-08 20:01:20 INFO  ArrestsDotOrgEngine:270 - 	Hair Color: Brown
2017-08-08 20:01:20 INFO  ArrestsDotOrgEngine:270 - 	Eye Color: Blue
2017-08-08 20:01:20 INFO  ArrestsDotOrgEngine:270 - 	#1 VIOLATION OF PAROLE - 1985 STATUTE: AM308147
2017-08-08 20:01:23 DEBUG SpiderUtil:171 - Sleeping for 21 seconds
2017-08-08 20:01:47 ERROR ArrestsDotOrgEngine:232 - No html doc found for http://iowa.arrests.org/Arrests/Nicholas_Marion_33911441/?d=1
2017-08-08 20:01:48 INFO  ArrestsDotOrgEngine:270 - 	Full Name: Lucas Ross Detwiler
2017-08-08 20:01:48 INFO  ArrestsDotOrgEngine:270 - 	Date:08/08/2017
2017-08-08 20:01:48 INFO  ArrestsDotOrgEngine:270 - 	Total Bond: $300
2017-08-08 20:01:48 INFO  ArrestsDotOrgEngine:270 - 	Arrest Age:26
2017-08-08 20:01:48 INFO  ArrestsDotOrgEngine:270 - 	Gender: Male
2017-08-08 20:01:48 INFO  ArrestsDotOrgEngine:270 - 	Height: 5'07"
2017-08-08 20:01:48 INFO  ArrestsDotOrgEngine:270 - 	Weight: 150 lbs
2017-08-08 20:01:48 INFO  ArrestsDotOrgEngine:270 - 	Hair Color: BROWN
2017-08-08 20:01:48 INFO  ArrestsDotOrgEngine:270 - 	Eye Color: BROWN
2017-08-08 20:01:48 INFO  ArrestsDotOrgEngine:270 - 	Place of Birth: COLORADO SPRINGSCO
2017-08-08 20:01:48 INFO  ArrestsDotOrgEngine:270 - 	#1 CONTEMPT OF COURT BOND: $300
2017-08-08 20:01:48 DEBUG SpiderUtil:171 - Sleeping for 25 seconds
2017-08-08 20:02:14 INFO  ArrestsDotOrgEngine:270 - 	Full Name: Jayme Lee Harrington
2017-08-08 20:02:14 INFO  ArrestsDotOrgEngine:270 - 	Date:08/07/2017
2017-08-08 20:02:14 INFO  ArrestsDotOrgEngine:270 - 	Time: 8:47 PM
2017-08-08 20:02:14 INFO  ArrestsDotOrgEngine:270 - 	Total Bond: $300
2017-08-08 20:02:14 INFO  ArrestsDotOrgEngine:270 - 	Arrest Age:29
2017-08-08 20:02:14 INFO  ArrestsDotOrgEngine:270 - 	Gender: Male
2017-08-08 20:02:14 INFO  ArrestsDotOrgEngine:270 - 	Height: 5'09"
2017-08-08 20:02:14 INFO  ArrestsDotOrgEngine:270 - 	Weight: 170 lbs
2017-08-08 20:02:14 INFO  ArrestsDotOrgEngine:270 - 	Hair Color: BLOND OR STRAWBERRY
2017-08-08 20:02:14 INFO  ArrestsDotOrgEngine:270 - 	Eye Color: BLUE
2017-08-08 20:02:14 INFO  ArrestsDotOrgEngine:270 - 	Place of Birth: SIOUX CITY IA
2017-08-08 20:02:14 INFO  ArrestsDotOrgEngine:270 - 	#1 THEFT 5TH BOND: $300
2017-08-08 20:02:14 DEBUG SpiderUtil:171 - Sleeping for 26 seconds
2017-08-08 20:02:41 INFO  ArrestsDotOrgEngine:270 - 	Full Name: Kelly Cole Kassel
2017-08-08 20:02:41 INFO  ArrestsDotOrgEngine:270 - 	Date:08/07/2017
2017-08-08 20:02:41 INFO  ArrestsDotOrgEngine:270 - 	Time: 6:37 PM
2017-08-08 20:02:41 INFO  ArrestsDotOrgEngine:270 - 	Total Bond: $1000
2017-08-08 20:02:41 INFO  ArrestsDotOrgEngine:270 - 	Arrest Age:59
2017-08-08 20:02:41 INFO  ArrestsDotOrgEngine:270 - 	Gender: Male
2017-08-08 20:02:41 INFO  ArrestsDotOrgEngine:270 - 	City: Des Moines, Iowa
2017-08-08 20:02:41 INFO  ArrestsDotOrgEngine:270 - 	Height: 5'08"
2017-08-08 20:02:41 INFO  ArrestsDotOrgEngine:270 - 	Weight: 170 lbs
2017-08-08 20:02:41 INFO  ArrestsDotOrgEngine:270 - 	Hair Color: Brown
2017-08-08 20:02:41 INFO  ArrestsDotOrgEngine:270 - 	Eye Color: Hazel
2017-08-08 20:02:41 INFO  ArrestsDotOrgEngine:270 - 	#1 POSSESSION PRESCRIPTION DRUGS BOND: $1000
2017-08-08 20:02:42 DEBUG SpiderUtil:171 - Sleeping for 20 seconds
2017-08-08 20:03:03 INFO  ArrestsDotOrgEngine:270 - 	Full Name: Shannon Renae nicole Crittendon
2017-08-08 20:03:03 INFO  ArrestsDotOrgEngine:270 - 	Date:08/07/2017
2017-08-08 20:03:03 INFO  ArrestsDotOrgEngine:270 - 	Time: 11:00 PM
2017-08-08 20:03:03 INFO  ArrestsDotOrgEngine:270 - 	Arresting Agency: DAVENPORT POLICE DEPARTMENT (DAPD)
2017-08-08 20:03:03 INFO  ArrestsDotOrgEngine:270 - 	Total Bond: $2000
2017-08-08 20:03:03 INFO  ArrestsDotOrgEngine:270 - 	Arrest Age:26
2017-08-08 20:03:03 INFO  ArrestsDotOrgEngine:270 - 	Gender: Female
2017-08-08 20:03:03 INFO  ArrestsDotOrgEngine:270 - 	Birthdate: 07/01/1991
2017-08-08 20:03:03 INFO  ArrestsDotOrgEngine:270 - 	Height: 5'08"
2017-08-08 20:03:03 INFO  ArrestsDotOrgEngine:270 - 	Weight: 122 lbs
2017-08-08 20:03:03 INFO  ArrestsDotOrgEngine:270 - 	Hair Color: BLACK HAIR
2017-08-08 20:03:03 INFO  ArrestsDotOrgEngine:270 - 	Eye Color: Brown eyes
2017-08-08 20:03:03 INFO  ArrestsDotOrgEngine:270 - 	#1 PERMITTING UNAUTHORIZED PERSON TO DRIVE STATUTE: NTA0284408 #2 CHILD ENDANGERMENT
2017-08-08 20:03:03 DEBUG SpiderUtil:171 - Sleeping for 27 seconds
2017-08-08 20:03:32 INFO  ArrestsDotOrgEngine:270 - 	Full Name: Cole Thomas Wheeldon
2017-08-08 20:03:32 INFO  ArrestsDotOrgEngine:270 - 	Date:08/08/2017
2017-08-08 20:03:32 INFO  ArrestsDotOrgEngine:270 - 	Total Bond: $1000
2017-08-08 20:03:32 INFO  ArrestsDotOrgEngine:270 - 	Arrest Age:19
2017-08-08 20:03:32 INFO  ArrestsDotOrgEngine:270 - 	Gender: Male
2017-08-08 20:03:32 INFO  ArrestsDotOrgEngine:270 - 	City: Altoona, Iowa
2017-08-08 20:03:32 INFO  ArrestsDotOrgEngine:270 - 	Height: 6'00"
2017-08-08 20:03:32 INFO  ArrestsDotOrgEngine:270 - 	Weight: 230 lbs
2017-08-08 20:03:32 INFO  ArrestsDotOrgEngine:270 - 	Hair Color: Brown
2017-08-08 20:03:32 INFO  ArrestsDotOrgEngine:270 - 	Eye Color: Brown
2017-08-08 20:03:32 INFO  ArrestsDotOrgEngine:270 - 	#1 NARCS - POSSESSION SCH I - MARIJUANA BOND: $1000
2017-08-08 20:03:32 DEBUG SpiderUtil:171 - Sleeping for 29 seconds
2017-08-08 20:04:01 ERROR ArrestsDotOrgEngine:234 - Failed to get a connection to http://iowa.arrests.org/Arrests/Cheryl_Bomar_33911446/?d=1
org.jsoup.HttpStatusException: HTTP error fetching URL. Status=500, URL=http://iowa.arrests.org/Arrests/Cheryl_Bomar_33911446/?d=1
	at org.jsoup.helper.HttpConnection$Response.execute(HttpConnection.java:682)
	at org.jsoup.helper.HttpConnection$Response.execute(HttpConnection.java:629)
	at org.jsoup.helper.HttpConnection.execute(HttpConnection.java:261)
	at com.mcd.spider.main.util.SpiderUtil.retrieveConnectionResponse(SpiderUtil.java:148)
	at com.mcd.spider.main.engine.record.various.ArrestsDotOrgEngine.scrapeRecords(ArrestsDotOrgEngine.java:228)
	at com.mcd.spider.main.engine.record.various.ArrestsDotOrgEngine.scrapeSite(ArrestsDotOrgEngine.java:186)
	at com.mcd.spider.main.engine.record.various.ArrestsDotOrgEngine.getArrestRecords(ArrestsDotOrgEngine.java:69)
	at com.mcd.spider.main.engine.router.StateRouter.collectRecords(StateRouter.java:31)
	at com.mcd.spider.main.engine.SpiderEngine.getArrestRecordsByStateCrack(SpiderEngine.java:45)
	at com.mcd.spider.main.SpiderMain.crackArrestSite(SpiderMain.java:140)
	at com.mcd.spider.main.SpiderMain.main(SpiderMain.java:81)
2017-08-08 20:04:02 ERROR ArrestsDotOrgEngine:234 - Failed to get a connection to http://iowa.arrests.org/Arrests/Henry_Leyva_33907020/?d=1
org.jsoup.HttpStatusException: HTTP error fetching URL. Status=500, URL=http://iowa.arrests.org/Arrests/Henry_Leyva_33907020/?d=1
	at org.jsoup.helper.HttpConnection$Response.execute(HttpConnection.java:682)
	at org.jsoup.helper.HttpConnection$Response.execute(HttpConnection.java:629)
	at org.jsoup.helper.HttpConnection.execute(HttpConnection.java:261)
	at com.mcd.spider.main.util.SpiderUtil.retrieveConnectionResponse(SpiderUtil.java:148)
	at com.mcd.spider.main.engine.record.various.ArrestsDotOrgEngine.scrapeRecords(ArrestsDotOrgEngine.java:228)
	at com.mcd.spider.main.engine.record.various.ArrestsDotOrgEngine.scrapeSite(ArrestsDotOrgEngine.java:186)
	at com.mcd.spider.main.engine.record.various.ArrestsDotOrgEngine.getArrestRecords(ArrestsDotOrgEngine.java:69)
	at com.mcd.spider.main.engine.router.StateRouter.collectRecords(StateRouter.java:31)
	at com.mcd.spider.main.engine.SpiderEngine.getArrestRecordsByStateCrack(SpiderEngine.java:45)
	at com.mcd.spider.main.SpiderMain.crackArrestSite(SpiderMain.java:140)
	at com.mcd.spider.main.SpiderMain.main(SpiderMain.java:81)
2017-08-08 20:04:02 ERROR ArrestsDotOrgEngine:234 - Failed to get a connection to http://iowa.arrests.org/Arrests/Rebekka_Watkins_33912586/?d=1
org.jsoup.HttpStatusException: HTTP error fetching URL. Status=500, URL=http://iowa.arrests.org/Arrests/Rebekka_Watkins_33912586/?d=1
	at org.jsoup.helper.HttpConnection$Response.execute(HttpConnection.java:682)
	at org.jsoup.helper.HttpConnection$Response.execute(HttpConnection.java:629)
	at org.jsoup.helper.HttpConnection.execute(HttpConnection.java:261)
	at com.mcd.spider.main.util.SpiderUtil.retrieveConnectionResponse(SpiderUtil.java:148)
	at com.mcd.spider.main.engine.record.various.ArrestsDotOrgEngine.scrapeRecords(ArrestsDotOrgEngine.java:228)
	at com.mcd.spider.main.engine.record.various.ArrestsDotOrgEngine.scrapeSite(ArrestsDotOrgEngine.java:186)
	at com.mcd.spider.main.engine.record.various.ArrestsDotOrgEngine.getArrestRecords(ArrestsDotOrgEngine.java:69)
	at com.mcd.spider.main.engine.router.StateRouter.collectRecords(StateRouter.java:31)
	at com.mcd.spider.main.engine.SpiderEngine.getArrestRecordsByStateCrack(SpiderEngine.java:45)
	at com.mcd.spider.main.SpiderMain.crackArrestSite(SpiderMain.java:140)
	at com.mcd.spider.main.SpiderMain.main(SpiderMain.java:81)
2017-08-08 20:04:03 ERROR ArrestsDotOrgEngine:234 - Failed to get a connection to http://iowa.arrests.org/Arrests/Herbert_Keis_33911431/?d=1
org.jsoup.HttpStatusException: HTTP error fetching URL. Status=500, URL=http://iowa.arrests.org/Arrests/Herbert_Keis_33911431/?d=1
	at org.jsoup.helper.HttpConnection$Response.execute(HttpConnection.java:682)
	at org.jsoup.helper.HttpConnection$Response.execute(HttpConnection.java:629)
	at org.jsoup.helper.HttpConnection.execute(HttpConnection.java:261)
	at com.mcd.spider.main.util.SpiderUtil.retrieveConnectionResponse(SpiderUtil.java:148)
	at com.mcd.spider.main.engine.record.various.ArrestsDotOrgEngine.scrapeRecords(ArrestsDotOrgEngine.java:228)
	at com.mcd.spider.main.engine.record.various.ArrestsDotOrgEngine.scrapeSite(ArrestsDotOrgEngine.java:186)
	at com.mcd.spider.main.engine.record.various.ArrestsDotOrgEngine.getArrestRecords(ArrestsDotOrgEngine.java:69)
	at com.mcd.spider.main.engine.router.StateRouter.collectRecords(StateRouter.java:31)
	at com.mcd.spider.main.engine.SpiderEngine.getArrestRecordsByStateCrack(SpiderEngine.java:45)
	at com.mcd.spider.main.SpiderMain.crackArrestSite(SpiderMain.java:140)
	at com.mcd.spider.main.SpiderMain.main(SpiderMain.java:81)
2017-08-08 20:04:04 ERROR ArrestsDotOrgEngine:234 - Failed to get a connection to http://iowa.arrests.org/Scott/
org.jsoup.HttpStatusException: HTTP error fetching URL. Status=500, URL=http://iowa.arrests.org/index.php?county=213
	at org.jsoup.helper.HttpConnection$Response.execute(HttpConnection.java:682)
	at org.jsoup.helper.HttpConnection$Response.execute(HttpConnection.java:679)
	at org.jsoup.helper.HttpConnection$Response.execute(HttpConnection.java:629)
	at org.jsoup.helper.HttpConnection.execute(HttpConnection.java:261)
	at com.mcd.spider.main.util.SpiderUtil.retrieveConnectionResponse(SpiderUtil.java:148)
	at com.mcd.spider.main.engine.record.various.ArrestsDotOrgEngine.scrapeRecords(ArrestsDotOrgEngine.java:228)
	at com.mcd.spider.main.engine.record.various.ArrestsDotOrgEngine.scrapeSite(ArrestsDotOrgEngine.java:186)
	at com.mcd.spider.main.engine.record.various.ArrestsDotOrgEngine.getArrestRecords(ArrestsDotOrgEngine.java:69)
	at com.mcd.spider.main.engine.router.StateRouter.collectRecords(StateRouter.java:31)
	at com.mcd.spider.main.engine.SpiderEngine.getArrestRecordsByStateCrack(SpiderEngine.java:45)
	at com.mcd.spider.main.SpiderMain.crackArrestSite(SpiderMain.java:140)
	at com.mcd.spider.main.SpiderMain.main(SpiderMain.java:81)
2017-08-08 20:04:32 ERROR ArrestsDotOrgEngine:234 - Failed to get a connection to http://iowa.arrests.org/Arrests/Jordan_Stern_33907536/?d=1
org.jsoup.HttpStatusException: HTTP error fetching URL. Status=500, URL=http://iowa.arrests.org/Arrests/Jordan_Stern_33907536/?d=1
	at org.jsoup.helper.HttpConnection$Response.execute(HttpConnection.java:682)
	at org.jsoup.helper.HttpConnection$Response.execute(HttpConnection.java:629)
	at org.jsoup.helper.HttpConnection.execute(HttpConnection.java:261)
	at com.mcd.spider.main.util.SpiderUtil.retrieveConnectionResponse(SpiderUtil.java:148)
	at com.mcd.spider.main.engine.record.various.ArrestsDotOrgEngine.scrapeRecords(ArrestsDotOrgEngine.java:228)
	at com.mcd.spider.main.engine.record.various.ArrestsDotOrgEngine.scrapeSite(ArrestsDotOrgEngine.java:186)
	at com.mcd.spider.main.engine.record.various.ArrestsDotOrgEngine.getArrestRecords(ArrestsDotOrgEngine.java:69)
	at com.mcd.spider.main.engine.router.StateRouter.collectRecords(StateRouter.java:31)
	at com.mcd.spider.main.engine.SpiderEngine.getArrestRecordsByStateCrack(SpiderEngine.java:45)
	at com.mcd.spider.main.SpiderMain.crackArrestSite(SpiderMain.java:140)
	at com.mcd.spider.main.SpiderMain.main(SpiderMain.java:81)
2017-08-08 20:05:05 INFO  ArrestsDotOrgEngine:270 - 	Full Name: Steven Samuel paul Schleicher
2017-08-08 20:05:05 INFO  ArrestsDotOrgEngine:270 - 	Date:08/08/2017
2017-08-08 20:05:05 INFO  ArrestsDotOrgEngine:270 - 	Time: 12:34 PM
2017-08-08 20:05:05 INFO  ArrestsDotOrgEngine:270 - 	Arrest Age:32
2017-08-08 20:05:05 INFO  ArrestsDotOrgEngine:270 - 	Gender: Male
2017-08-08 20:05:05 INFO  ArrestsDotOrgEngine:270 - 	City: Des Moines, Iowa
2017-08-08 20:05:05 INFO  ArrestsDotOrgEngine:270 - 	Height: 5'07"
2017-08-08 20:05:05 INFO  ArrestsDotOrgEngine:270 - 	Weight: 160 lbs
2017-08-08 20:05:05 INFO  ArrestsDotOrgEngine:270 - 	Hair Color: Brown
2017-08-08 20:05:05 INFO  ArrestsDotOrgEngine:270 - 	Eye Color: Hazel
2017-08-08 20:05:05 INFO  ArrestsDotOrgEngine:270 - 	#1 CONSUMPTION / INTOXICATION STATUTE: SM368163 #2 INTERFERENCE WITH OFFICIAL ACTS STATUTE: SM368163
2017-08-08 20:05:05 DEBUG SpiderUtil:171 - Sleeping for 21 seconds
2017-08-08 20:06:00 INFO  SpiderMain:34 - Application started
